
Ginkengine was started - 2025-01-24 : 16-24-06
GinkEngine was exited - 2025-01-24 : 16-24-06 

Ginkengine was started - 2025-01-24 : 16-26-27
GinkEngine was exited - 2025-01-24 : 16-26-27 

Ginkengine was started - 2025-01-24 : 16-41-53
GinkEngine was exited - 2025-01-24 : 16-41-53 

Ginkengine was started - 2025-01-24 : 16-42-55
Could not turn BepInEx show console setting off, BepInEx not found - 2025-01-24 : 16-43-08
GinkEngine was exited - 2025-01-24 : 16-43-18 

Ginkengine was started - 2025-01-24 : 16-44-37
Using theme clearlooks - 2025-01-24 : 16-44-38
Using theme xpnative - 2025-01-24 : 16-44-44
Using theme plastik - 2025-01-24 : 16-44-48
Using theme winnative - 2025-01-24 : 16-45-10
Using theme clearlooks - 2025-01-24 : 16-45-21
Using theme aquablue - 2025-01-24 : 16-50-16
Using theme aquativo - 2025-01-24 : 16-50-22
Using theme Arc - 2025-01-24 : 16-50-27
Using theme blue - 2025-01-24 : 16-50-32
Using theme BlueElegance - 2025-01-24 : 16-50-35
Using theme clearlooks - 2025-01-24 : 16-50-39
Using theme keramik - 2025-01-24 : 16-50-42
Using theme kroc - 2025-01-24 : 16-50-45
Using theme plastik - 2025-01-24 : 16-50-48
Using theme radiance - 2025-01-24 : 16-51-11
Using theme winxpblue - 2025-01-24 : 16-51-18
GinkEngine was exited - 2025-01-24 : 16-51-43 

Ginkengine was started - 2025-01-24 : 16-51-52
Using theme winxpblue - 2025-01-24 : 16-51-52
Ginkengine was started - 2025-01-24 : 16-57-50
Using theme winxpblue - 2025-01-24 : 16-57-51
GinkEngine was exited - 2025-01-24 : 16-58-25 
