
GinkEngine was exited - 2025-01-26 : 15-46-32 

GinkEngine was exited - 2025-01-26 : 15-46-32 

Ginkengine was started - 2025-01-26 : 16-27-16
Using theme clearlooks - 2025-01-26 : 16-27-17
Mod dropdown refreshed - 2025-01-26 : 16-27-17
Mod dropdown refreshed - 2025-01-26 : 16-27-17
GinkEngine was exited - 2025-01-26 : 16-27-26 

Ginkengine was started - 2025-01-26 : 16-28-40
Using theme clearlooks - 2025-01-26 : 16-28-41
Mod dropdown refreshed - 2025-01-26 : 16-28-41
Mod dropdown refreshed - 2025-01-26 : 16-28-41
GinkEngine was exited - 2025-01-26 : 16-28-42 

Ginkengine was started - 2025-01-26 : 16-30-12
Using theme clearlooks - 2025-01-26 : 16-30-12
Mod dropdown refreshed - 2025-01-26 : 16-30-12
Mod dropdown refreshed - 2025-01-26 : 16-30-12
GinkEngine was exited - 2025-01-26 : 16-30-20 

Ginkengine was started - 2025-01-26 : 16-32-28
Using theme clearlooks - 2025-01-26 : 16-32-29
Mod dropdown refreshed - 2025-01-26 : 16-32-29
Mod dropdown refreshed - 2025-01-26 : 16-32-29
GinkEngine was exited - 2025-01-26 : 16-32-35 

Ginkengine was started - 2025-01-26 : 16-41-30
Using theme clearlooks - 2025-01-26 : 16-41-31
Mod dropdown refreshed - 2025-01-26 : 16-41-31
Mod dropdown refreshed - 2025-01-26 : 16-41-31
GinkEngine was exited - 2025-01-26 : 16-41-39 

Ginkengine was started - 2025-01-26 : 16-44-19
GinkEngine was exited - 2025-01-26 : 16-44-19 

Ginkengine was started - 2025-01-26 : 16-45-43
Using theme clearlooks - 2025-01-26 : 16-45-44
Mod dropdown refreshed - 2025-01-26 : 16-45-44
Mod dropdown refreshed - 2025-01-26 : 16-45-44
GinkEngine was exited - 2025-01-26 : 16-45-49 

Ginkengine was started - 2025-01-26 : 16-46-16
Using theme clearlooks - 2025-01-26 : 16-46-16
Mod dropdown refreshed - 2025-01-26 : 16-46-16
Mod dropdown refreshed - 2025-01-26 : 16-46-16
Export mod dropdown refreshed - 2025-01-26 : 16-46-27
GinkEngine was exited - 2025-01-26 : 16-46-39 

Ginkengine was started - 2025-01-26 : 16-47-19
Using theme clearlooks - 2025-01-26 : 16-47-20
Mod dropdown refreshed - 2025-01-26 : 16-47-20
Mod dropdown refreshed - 2025-01-26 : 16-47-20
GinkEngine was exited - 2025-01-26 : 16-47-25 

Ginkengine was started - 2025-01-26 : 16-49-16
Using theme clearlooks - 2025-01-26 : 16-49-16
Mod dropdown refreshed - 2025-01-26 : 16-49-16
Mod dropdown refreshed - 2025-01-26 : 16-49-16
GinkEngine was exited - 2025-01-26 : 16-49-23 

Ginkengine was started - 2025-01-26 : 16-51-24
Using theme clearlooks - 2025-01-26 : 16-51-24
Mod dropdown refreshed - 2025-01-26 : 16-51-24
Mod dropdown refreshed - 2025-01-26 : 16-51-24
Mod dropdown refreshed - 2025-01-26 : 16-51-32