
Ginkengine was started - 2025-01-19 : 12-16-30
Using theme clearlooks - 2025-01-19 : 12-16-30
GinkEngine was exited - 2025-01-19 : 12-36-31 

Ginkengine was started - 2025-01-19 : 12-36-34
Using theme clearlooks - 2025-01-19 : 12-36-35
GinkEngine was exited - 2025-01-19 : 12-36-46 

Ginkengine was started - 2025-01-19 : 12-36-47
Using theme clearlooks - 2025-01-19 : 12-36-47
GinkEngine was exited - 2025-01-19 : 12-36-55 

Ginkengine was started - 2025-01-19 : 12-37-02
Using theme clearlooks - 2025-01-19 : 12-37-02
Ginkengine was started - 2025-01-19 : 12-37-15
Using theme clearlooks - 2025-01-19 : 12-37-16
GinkEngine was exited - 2025-01-19 : 12-38-06 

Ginkengine was started - 2025-01-19 : 12-38-13
Using theme clearlooks - 2025-01-19 : 12-38-13
GinkEngine was exited - 2025-01-19 : 12-38-23 

Ginkengine was started - 2025-01-19 : 12-38-32
Using theme clearlooks - 2025-01-19 : 12-38-33
GinkEngine was exited - 2025-01-19 : 12-38-33 

Ginkengine was started - 2025-01-19 : 12-38-43
Using theme clearlooks - 2025-01-19 : 12-38-43
GinkEngine was exited - 2025-01-19 : 12-39-12 

GinkEngine was exited - 2025-01-19 : 12-42-00 

Ginkengine was started - 2025-01-19 : 12-44-27
Using theme clearlooks - 2025-01-19 : 12-44-27
GinkEngine was exited - 2025-01-19 : 12-45-43 

Ginkengine was started - 2025-01-19 : 12-45-44
Using theme clearlooks - 2025-01-19 : 12-45-44
GinkEngine was exited - 2025-01-19 : 12-46-11 

Ginkengine was started - 2025-01-19 : 12-46-12
Using theme clearlooks - 2025-01-19 : 12-46-12
GinkEngine was exited - 2025-01-19 : 12-47-41 

Ginkengine was started - 2025-01-19 : 12-47-42
Using theme clearlooks - 2025-01-19 : 12-47-42
GinkEngine was exited - 2025-01-19 : 12-48-05 

Ginkengine was started - 2025-01-19 : 12-48-06
Using theme clearlooks - 2025-01-19 : 12-48-06
GinkEngine was exited - 2025-01-19 : 12-56-29 

Ginkengine was started - 2025-01-19 : 12-56-55
Using theme clearlooks - 2025-01-19 : 12-56-56
GinkEngine was exited - 2025-01-19 : 13-00-58 

Ginkengine was started - 2025-01-19 : 13-01-01
Using theme clearlooks - 2025-01-19 : 13-01-02
Set Ginko parent directory to C:/Program Files (x86)/Steam/steamapps/common/Jinko - 2025-01-19 : 13-01-11
Set Ginko parent directory to C:/Program Files (x86)/Steam/steamapps/common/Jinko - 2025-01-19 : 13-03-19
Ginko has been linked successfully - 2025-01-19 : 13-03-19
GinkEngine was exited - 2025-01-19 : 13-05-07 

Ginkengine was started - 2025-01-19 : 13-05-11
Using theme clearlooks - 2025-01-19 : 13-05-11
Set Puttle(Ginko) parent directory to C:/Program Files (x86)/Steam/steamapps/common/Jinko - 2025-01-19 : 13-05-19
Puttle(Ginko) has been linked successfully - 2025-01-19 : 13-05-19
GinkEngine was exited - 2025-01-19 : 13-05-57 

Ginkengine was started - 2025-01-19 : 13-06-55
Using theme clearlooks - 2025-01-19 : 13-06-56
Set Puttle(Ginko) parent directory to C:/Program Files (x86)/Steam/steamapps/common/Jinko - 2025-01-19 : 13-07-03
Set Standard Puttle(Ginko) exe to C:/Program Files (x86)/Steam/steamapps/common/Jinko/Jinko.exe - 2025-01-19 : 13-07-03
Puttle(Ginko) has been linked successfully - 2025-01-19 : 13-07-03
GinkEngine was exited - 2025-01-19 : 13-13-08 

Ginkengine was started - 2025-01-19 : 13-13-11
Using theme clearlooks - 2025-01-19 : 13-13-12
Set Puttle(Ginko) parent directory to C:/Program Files (x86)/Steam/steamapps/common/Jinko - 2025-01-19 : 13-13-22
Set Standard Puttle(Ginko) exe to C:/Program Files (x86)/Steam/steamapps/common/Jinko/Jinko.exe - 2025-01-19 : 13-13-22
Puttle(Ginko) has been linked successfully - 2025-01-19 : 13-13-22
GinkEngine was exited - 2025-01-19 : 13-13-56 

Ginkengine was started - 2025-01-19 : 13-13-58
Using theme clearlooks - 2025-01-19 : 13-13-59
GinkEngine was exited - 2025-01-19 : 13-13-59 

Ginkengine was started - 2025-01-19 : 13-14-10
Using theme clearlooks - 2025-01-19 : 13-14-11
GinkEngine was exited - 2025-01-19 : 13-17-16 

Ginkengine was started - 2025-01-19 : 13-17-19
GinkEngine was exited - 2025-01-19 : 13-17-24 

Using theme clearlooks - 2025-01-19 : 13-17-24
Ginkengine was started - 2025-01-19 : 13-18-02
GinkEngine was exited - 2025-01-19 : 13-18-04 

Using theme clearlooks - 2025-01-19 : 13-18-04
Ginkengine was started - 2025-01-19 : 13-19-40
GinkEngine was exited - 2025-01-19 : 13-19-42 

Using theme clearlooks - 2025-01-19 : 13-19-43
Ginkengine was started - 2025-01-19 : 13-21-39
GinkEngine was exited - 2025-01-19 : 13-21-42 

Using theme clearlooks - 2025-01-19 : 13-21-43
Ginkengine was started - 2025-01-19 : 13-21-49
GinkEngine was exited - 2025-01-19 : 13-21-51 

Using theme clearlooks - 2025-01-19 : 13-21-51
Ginkengine was started - 2025-01-19 : 13-22-38
GinkEngine was exited - 2025-01-19 : 13-22-40 

Using theme clearlooks - 2025-01-19 : 13-22-41
Ginkengine was started - 2025-01-19 : 13-25-06
GinkEngine was exited - 2025-01-19 : 13-25-08 

Using theme clearlooks - 2025-01-19 : 13-25-09
Ginkengine was started - 2025-01-19 : 13-25-59
GinkEngine was exited - 2025-01-19 : 13-26-01 

Using theme clearlooks - 2025-01-19 : 13-26-02
Ginkengine was started - 2025-01-19 : 13-43-02
GinkEngine was exited - 2025-01-19 : 13-43-04 

Using theme clearlooks - 2025-01-19 : 13-43-05
Ginkengine was started - 2025-01-19 : 13-43-18
GinkEngine was exited - 2025-01-19 : 13-43-20 

Using theme clearlooks - 2025-01-19 : 13-43-20
Ginkengine was started - 2025-01-19 : 13-43-52
GinkEngine was exited - 2025-01-19 : 13-43-54 

Using theme clearlooks - 2025-01-19 : 13-43-54
Ginkengine was started - 2025-01-19 : 13-44-13
GinkEngine was exited - 2025-01-19 : 13-44-15 

Using theme clearlooks - 2025-01-19 : 13-44-15
Ginkengine was started - 2025-01-19 : 13-44-47
GinkEngine was exited - 2025-01-19 : 13-44-48 

Using theme clearlooks - 2025-01-19 : 13-44-49
Ginkengine was started - 2025-01-19 : 13-46-05
GinkEngine was exited - 2025-01-19 : 13-46-06 

Using theme clearlooks - 2025-01-19 : 13-46-07
Ginkengine was started - 2025-01-19 : 13-47-19
GinkEngine was exited - 2025-01-19 : 13-47-21 

Using theme clearlooks - 2025-01-19 : 13-47-22
Ginkengine was started - 2025-01-19 : 13-48-43
GinkEngine was exited - 2025-01-19 : 13-48-45 

Using theme clearlooks - 2025-01-19 : 13-48-45
Ginkengine was started - 2025-01-19 : 13-50-05
GinkEngine was exited - 2025-01-19 : 13-50-07 

Using theme clearlooks - 2025-01-19 : 13-50-07
Ginkengine was started - 2025-01-19 : 13-50-32
GinkEngine was exited - 2025-01-19 : 13-50-34 

Using theme clearlooks - 2025-01-19 : 13-50-34
Ginkengine was started - 2025-01-19 : 13-50-45
GinkEngine was exited - 2025-01-19 : 13-50-47 

Using theme clearlooks - 2025-01-19 : 13-50-47
Ginkengine was started - 2025-01-19 : 13-51-13
GinkEngine was exited - 2025-01-19 : 13-51-15 

Using theme clearlooks - 2025-01-19 : 13-51-15
Ginkengine was started - 2025-01-19 : 13-53-45
GinkEngine was exited - 2025-01-19 : 13-53-47 

Using theme clearlooks - 2025-01-19 : 13-53-47
Set Puttle(Ginko) parent directory to C:/Program Files (x86)/Steam/steamapps/common/Assault Bots - 2025-01-19 : 13-53-54
Set Standard Puttle(Ginko) exe to C:/Program Files (x86)/Steam/steamapps/common/Assault Bots/Assault Bots.exe - 2025-01-19 : 13-53-54
Puttle(Ginko) has been linked successfully - 2025-01-19 : 13-53-54
Ginkengine was started - 2025-01-19 : 13-55-20
GinkEngine was exited - 2025-01-19 : 13-55-22 

Using theme clearlooks - 2025-01-19 : 13-55-22
Ginkengine was started - 2025-01-19 : 13-56-01
GinkEngine was exited - 2025-01-19 : 13-56-03 

Using theme clearlooks - 2025-01-19 : 13-56-03
Ginkengine was started - 2025-01-19 : 14-00-07
GinkEngine was exited - 2025-01-19 : 14-00-09 

Using theme clearlooks - 2025-01-19 : 14-00-09
Ginkengine was started - 2025-01-19 : 14-00-20
GinkEngine was exited - 2025-01-19 : 14-00-22 

Using theme clearlooks - 2025-01-19 : 14-00-23
Ginkengine was started - 2025-01-19 : 14-06-12
GinkEngine was exited - 2025-01-19 : 14-06-14 

Using theme clearlooks - 2025-01-19 : 14-06-15
Ginkengine was started - 2025-01-19 : 14-08-05
GinkEngine was exited - 2025-01-19 : 14-08-07 

Using theme clearlooks - 2025-01-19 : 14-08-08
Ginkengine was started - 2025-01-19 : 14-09-39
GinkEngine was exited - 2025-01-19 : 14-09-40 

Using theme clearlooks - 2025-01-19 : 14-09-41
Ginkengine was started - 2025-01-19 : 14-11-02
GinkEngine was exited - 2025-01-19 : 14-11-02 

Ginkengine was started - 2025-01-19 : 14-11-05
GinkEngine was exited - 2025-01-19 : 14-11-05 

Ginkengine was started - 2025-01-19 : 14-11-32
GinkEngine was exited - 2025-01-19 : 14-11-34 

Using theme clearlooks - 2025-01-19 : 14-11-34
Ginkengine was started - 2025-01-19 : 14-14-45
GinkEngine was exited - 2025-01-19 : 14-14-47 

Using theme clearlooks - 2025-01-19 : 14-14-48
Ginkengine was started - 2025-01-19 : 14-16-44
GinkEngine was exited - 2025-01-19 : 14-16-46 

Using theme clearlooks - 2025-01-19 : 14-16-46
Ginkengine was started - 2025-01-19 : 14-17-34
GinkEngine was exited - 2025-01-19 : 14-17-36 

Using theme clearlooks - 2025-01-19 : 14-17-36
Ginkengine was started - 2025-01-19 : 14-18-19
GinkEngine was exited - 2025-01-19 : 14-18-21 

Using theme clearlooks - 2025-01-19 : 14-18-21
Ginkengine was started - 2025-01-19 : 14-19-29
GinkEngine was exited - 2025-01-19 : 14-19-31 

Using theme clearlooks - 2025-01-19 : 14-19-32
Ginkengine was started - 2025-01-19 : 14-22-20
GinkEngine was exited - 2025-01-19 : 14-22-20 

Ginkengine was started - 2025-01-19 : 14-22-49
GinkEngine was exited - 2025-01-19 : 14-22-51 

Using theme clearlooks - 2025-01-19 : 14-22-51
Ginkengine was started - 2025-01-19 : 14-23-06
GinkEngine was exited - 2025-01-19 : 14-23-08 

Using theme clearlooks - 2025-01-19 : 14-23-08
Ginkengine was started - 2025-01-19 : 14-25-04
GinkEngine was exited - 2025-01-19 : 14-25-06 

Using theme clearlooks - 2025-01-19 : 14-25-06
Ginkengine was started - 2025-01-19 : 14-26-44
GinkEngine was exited - 2025-01-19 : 14-26-46 

Using theme clearlooks - 2025-01-19 : 14-26-46
Ginkengine was started - 2025-01-19 : 14-28-44
GinkEngine was exited - 2025-01-19 : 14-28-46 

Using theme clearlooks - 2025-01-19 : 14-28-46
Ginkengine was started - 2025-01-19 : 14-29-23
GinkEngine was exited - 2025-01-19 : 14-29-25 

Using theme clearlooks - 2025-01-19 : 14-29-26
Ginkengine was started - 2025-01-19 : 14-29-50
GinkEngine was exited - 2025-01-19 : 14-29-52 

Using theme clearlooks - 2025-01-19 : 14-29-53
Ginkengine was started - 2025-01-19 : 14-30-17
GinkEngine was exited - 2025-01-19 : 14-30-19 

Using theme clearlooks - 2025-01-19 : 14-30-19
Ginkengine was started - 2025-01-19 : 14-32-02
GinkEngine was exited - 2025-01-19 : 14-32-04 

Using theme clearlooks - 2025-01-19 : 14-32-05
Ginkengine was started - 2025-01-19 : 14-35-05
GinkEngine was exited - 2025-01-19 : 14-35-07 

Using theme clearlooks - 2025-01-19 : 14-35-07
Ginkengine was started - 2025-01-19 : 14-35-21
GinkEngine was exited - 2025-01-19 : 14-35-23 

Using theme clearlooks - 2025-01-19 : 14-35-23
Ginkengine was started - 2025-01-19 : 14-35-34
GinkEngine was exited - 2025-01-19 : 14-35-36 

Using theme clearlooks - 2025-01-19 : 14-35-36
Ginkengine was started - 2025-01-19 : 14-36-31
GinkEngine was exited - 2025-01-19 : 14-36-33 

Using theme clearlooks - 2025-01-19 : 14-36-34
Set Puttle(Ginko) parent directory to C:/Program Files (x86)/Steam/steamapps/common/Geometry Dash - 2025-01-19 : 14-37-20
Set Standard Puttle(Ginko) exe to C:/Program Files (x86)/Steam/steamapps/common/Geometry Dash/GeometryDash.exe - 2025-01-19 : 14-37-20
Puttle(Ginko) has been linked successfully - 2025-01-19 : 14-37-20
Ginkengine was started - 2025-01-19 : 14-38-18
GinkEngine was exited - 2025-01-19 : 14-38-20 

Using theme clearlooks - 2025-01-19 : 14-38-21
Set Puttle(Ginko) parent directory to C:/Program Files (x86)/Steam/steamapps/common/Lethal Company - 2025-01-19 : 14-38-33
Set Standard Puttle(Ginko) exe to C:/Program Files (x86)/Steam/steamapps/common/Lethal Company/Lethal Company.exe - 2025-01-19 : 14-38-33
Puttle(Ginko) has been linked successfully - 2025-01-19 : 14-38-33
Ginkengine was started - 2025-01-19 : 14-59-11
GinkEngine was exited - 2025-01-19 : 14-59-13 

Using theme clearlooks - 2025-01-19 : 14-59-14
Linking Puttle(Ginko)... - 2025-01-19 : 14-59-46
Set Puttle(Ginko) parent directory to C:/Program Files (x86)/Steam/steamapps/common/Lethal Company - 2025-01-19 : 14-59-46
Set Standard Puttle(Ginko) exe to C:/Program Files (x86)/Steam/steamapps/common/Lethal Company/Lethal Company.exe - 2025-01-19 : 14-59-46
Puttle(Ginko) has been linked successfully - 2025-01-19 : 14-59-46
Started Standard Game - 2025-01-19 : 14-59-53
Ginkengine was started - 2025-01-19 : 15-02-00
GinkEngine was exited - 2025-01-19 : 15-02-02 

Using theme clearlooks - 2025-01-19 : 15-02-03
Started Standard Game - 2025-01-19 : 15-02-05
Started Standard Game - 2025-01-19 : 15-02-22
Ginkengine was started - 2025-01-19 : 15-03-18
GinkEngine was exited - 2025-01-19 : 15-03-20 

Using theme clearlooks - 2025-01-19 : 15-03-20
Started Standard Game - 2025-01-19 : 15-03-22
Ginkengine was started - 2025-01-19 : 15-03-50
Using theme clearlooks - 2025-01-19 : 15-03-50
Started Standard Game - 2025-01-19 : 15-03-52
GinkEngine was exited - 2025-01-19 : 15-03-59 

Ginkengine was started - 2025-01-19 : 15-05-29
Using theme clearlooks - 2025-01-19 : 15-05-29
Started Standard Game - 2025-01-19 : 15-05-31
GinkEngine was exited - 2025-01-19 : 15-06-33 

Ginkengine was started - 2025-01-19 : 17-56-15
GinkEngine was exited - 2025-01-19 : 17-56-15 

Ginkengine was started - 2025-01-19 : 17-57-18
GinkEngine was exited - 2025-01-19 : 17-57-18 

Ginkengine was started - 2025-01-19 : 17-57-19
GinkEngine was exited - 2025-01-19 : 17-57-19 

Ginkengine was started - 2025-01-19 : 17-57-19
GinkEngine was exited - 2025-01-19 : 17-57-20 

Ginkengine was started - 2025-01-19 : 17-58-17
GinkEngine was exited - 2025-01-19 : 17-58-17 

Ginkengine was started - 2025-01-19 : 17-58-41
Using theme clearlooks - 2025-01-19 : 17-58-42
Linking Puttle(Ginko)... - 2025-01-19 : 17-58-53
Set Puttle(Ginko) parent directory to C:/Program Files (x86)/Steam/steamapps/common/Lethal Company - 2025-01-19 : 17-58-53
Set Standard Puttle(Ginko) exe to C:/Program Files (x86)/Steam/steamapps/common/Lethal Company/Lethal Company.exe - 2025-01-19 : 17-58-53
Ginkengine was started - 2025-01-19 : 18-01-44
Using theme clearlooks - 2025-01-19 : 18-01-44
Linking Puttle(Ginko)... - 2025-01-19 : 18-01-54
Set Puttle(Ginko) parent directory to C:/Program Files (x86)/Steam/steamapps/common/Lethal Company - 2025-01-19 : 18-01-54
Set Standard Puttle(Ginko) exe to C:/Program Files (x86)/Steam/steamapps/common/Lethal Company/Lethal Company.exe - 2025-01-19 : 18-01-54
Puttle(Ginko) has been linked successfully - 2025-01-19 : 18-01-56
GinkEngine was exited - 2025-01-19 : 18-04-33 

Ginkengine was started - 2025-01-19 : 18-04-39
Using theme clearlooks - 2025-01-19 : 18-04-39
Linking Puttle(Ginko)... - 2025-01-19 : 18-04-56
Set Puttle(Ginko) parent directory to C:/Program Files (x86)/Steam/steamapps/common/Lethal Company - 2025-01-19 : 18-04-56
Set Standard Puttle(Ginko) exe to C:/Program Files (x86)/Steam/steamapps/common/Lethal Company/Lethal Company.exe - 2025-01-19 : 18-04-56
Puttle(Ginko) has been linked successfully - 2025-01-19 : 18-04-58
GinkEngine was exited - 2025-01-19 : 18-06-28 

Ginkengine was started - 2025-01-19 : 18-06-31
Using theme clearlooks - 2025-01-19 : 18-06-32
Linking Puttle(Ginko)... - 2025-01-19 : 18-06-40
Set Puttle(Ginko) parent directory to C:/Program Files (x86)/Steam/steamapps/common/Lethal Company - 2025-01-19 : 18-06-40
Set Standard Puttle(Ginko) exe to C:/Program Files (x86)/Steam/steamapps/common/Lethal Company/Lethal Company.exe - 2025-01-19 : 18-06-40
Puttle(Ginko) has been linked successfully - 2025-01-19 : 18-06-42
Ginkengine was started - 2025-01-19 : 18-09-13
Using theme clearlooks - 2025-01-19 : 18-09-13
Linking Puttle(Ginko)... - 2025-01-19 : 18-11-49
Set Puttle(Ginko) parent directory to C:/Program Files (x86)/Steam/steamapps/common/Geometry Dash - 2025-01-19 : 18-11-49
Set Standard Puttle(Ginko) exe to C:/Program Files (x86)/Steam/steamapps/common/Geometry Dash/GeometryDash.exe - 2025-01-19 : 18-11-49
Puttle(Ginko) has been linked successfully - 2025-01-19 : 18-12-04
GinkEngine was exited - 2025-01-19 : 18-12-52 

Ginkengine was started - 2025-01-19 : 18-12-58
Using theme clearlooks - 2025-01-19 : 18-12-58
Linking Puttle(Ginko)... - 2025-01-19 : 18-13-08
Set Puttle(Ginko) parent directory to C:/Program Files (x86)/Steam/steamapps/common/Geometry Dash - 2025-01-19 : 18-13-08
Set Standard Puttle(Ginko) exe to C:/Program Files (x86)/Steam/steamapps/common/Geometry Dash/GeometryDash.exe - 2025-01-19 : 18-13-08
Successfully deleted: ../../../DONT_SHARE/Game Files - 2025-01-19 : 18-13-11
Puttle(Ginko) has been linked successfully - 2025-01-19 : 18-13-23
Linking Puttle(Ginko)... - 2025-01-19 : 18-14-36
Set Puttle(Ginko) parent directory to C:/Program Files (x86)/Steam/steamapps/common/Lethal Company - 2025-01-19 : 18-14-36
Set Standard Puttle(Ginko) exe to C:/Program Files (x86)/Steam/steamapps/common/Lethal Company/Lethal Company.exe - 2025-01-19 : 18-14-36
Successfully deleted: ../../../DONT_SHARE/Game Files - 2025-01-19 : 18-14-36
Puttle(Ginko) has been linked successfully - 2025-01-19 : 18-14-39
GinkEngine was exited - 2025-01-19 : 18-34-39 

Ginkengine was started - 2025-01-19 : 19-49-37
Using theme clearlooks - 2025-01-19 : 19-49-38
Linking Puttle(Ginko)... - 2025-01-19 : 19-49-48
Set Puttle(Ginko) parent directory to C:/Program Files (x86)/Steam/steamapps/common/Lethal Company - 2025-01-19 : 19-49-48
Set Standard Puttle(Ginko) exe to C:/Program Files (x86)/Steam/steamapps/common/Lethal Company/Lethal Company.exe - 2025-01-19 : 19-49-48
Successfully deleted: ../../../DONT_SHARE/Game Files - 2025-01-19 : 19-49-49
Installing BepInEx... - 2025-01-19 : 19-49-52
Puttle(Ginko) has been linked successfully - 2025-01-19 : 19-49-52
Ginkengine was started - 2025-01-19 : 20-21-46
Using theme clearlooks - 2025-01-19 : 20-21-46
Linking Puttle(Ginko)... - 2025-01-19 : 20-22-07
Set Puttle(Ginko) parent directory to C:/Program Files (x86)/Steam/steamapps/common/Lethal Company - 2025-01-19 : 20-22-07
Set Standard Puttle(Ginko) exe to C:/Program Files (x86)/Steam/steamapps/common/Lethal Company/Lethal Company.exe - 2025-01-19 : 20-22-07
Error deleting folder: [WinError 32] Det går inte att komma åt filen eftersom den
används av en annan process: '../../../DONT_SHARE/Game Files' - 2025-01-19 : 20-22-08
Installing BepInEx... - 2025-01-19 : 20-22-11
Puttle(Ginko) has been linked successfully - 2025-01-19 : 20-22-14