
Ginkengine was started - 2025-01-20 : 21-06-55
Using theme clearlooks - 2025-01-20 : 21-06-56
GinkEngine was exited - 2025-01-20 : 21-09-13 

Ginkengine was started - 2025-01-20 : 21-09-21
Using theme clearlooks - 2025-01-20 : 21-09-21
Started Standard Game - 2025-01-20 : 21-09-23
Linking Puttle(Ginko)... - 2025-01-20 : 21-10-22
Set Puttle(Ginko) parent directory to C:/Program Files (x86)/Steam/steamapps/common/Lethal Company - 2025-01-20 : 21-10-22
Set Standard Puttle(Ginko) exe to C:/Program Files (x86)/Steam/steamapps/common/Lethal Company/Lethal Company.exe - 2025-01-20 : 21-10-22
Error deleting folder: [WinError 32] Det går inte att komma åt filen eftersom den
används av en annan process: '../../../DONT_SHARE/Game Files' - 2025-01-20 : 21-10-22
Installing BepInEx... - 2025-01-20 : 21-10-26
Puttle(Ginko) has been linked successfully - 2025-01-20 : 21-10-30
GinkEngine was exited - 2025-01-20 : 21-11-48 

Ginkengine was started - 2025-01-20 : 21-13-00
Using theme clearlooks - 2025-01-20 : 21-13-00
Ginkengine was started - 2025-01-20 : 21-13-34
Using theme clearlooks - 2025-01-20 : 21-13-34
GinkEngine was exited - 2025-01-20 : 21-13-47 

Ginkengine was started - 2025-01-20 : 21-18-48
Using theme clearlooks - 2025-01-20 : 21-18-48
GinkEngine was exited - 2025-01-20 : 22-09-49 

Ginkengine was started - 2025-01-20 : 22-10-28
Using theme clearlooks - 2025-01-20 : 22-10-30
Ginkengine was started - 2025-01-20 : 22-11-39
Using theme clearlooks - 2025-01-20 : 22-11-40
Ginkengine was started - 2025-01-20 : 22-13-20
Using theme clearlooks - 2025-01-20 : 22-13-20
GinkEngine was exited - 2025-01-20 : 22-16-30 

Ginkengine was started - 2025-01-20 : 22-16-31
Using theme clearlooks - 2025-01-20 : 22-16-31
Started Standard Game - 2025-01-20 : 22-16-35
GinkEngine was exited - 2025-01-20 : 22-19-53 

Ginkengine was started - 2025-01-20 : 22-19-55
Using theme clearlooks - 2025-01-20 : 22-19-56
GinkEngine was exited - 2025-01-20 : 22-19-59 

Ginkengine was started - 2025-01-20 : 22-23-10
Using theme clearlooks - 2025-01-20 : 22-23-10
Running ./VS Code.exe - 2025-01-20 : 22-23-12
Couldnt run ./VS Code.exe - 2025-01-20 : 22-23-12
Ginkengine was started - 2025-01-20 : 22-23-52
Using theme clearlooks - 2025-01-20 : 22-23-52
Running ./VSCode.exe - 2025-01-20 : 22-23-54
Couldnt run ./VSCode.exe - 2025-01-20 : 22-23-54
GinkEngine was exited - 2025-01-20 : 22-24-31 

Ginkengine was started - 2025-01-20 : 22-24-34
Using theme clearlooks - 2025-01-20 : 22-24-34
Running C:\Users\squid\Desktop\GinkEngine\GinkEngine\Core\WPy64-31280\python\VSCode.exe - 2025-01-20 : 22-24-36
Couldnt run C:\Users\squid\Desktop\GinkEngine\GinkEngine\Core\WPy64-31280\python\VSCode.exe - 2025-01-20 : 22-24-36
GinkEngine was exited - 2025-01-20 : 22-24-54 

Ginkengine was started - 2025-01-20 : 22-24-55
Using theme clearlooks - 2025-01-20 : 22-24-56
Running C:\Users\squid\Desktop\GinkEngine\GinkEngine\Core\WPy64-31280\VSCode.exe - 2025-01-20 : 22-24-58
Started Tool C:\Users\squid\Desktop\GinkEngine\GinkEngine\Core\WPy64-31280\VSCode.exe - 2025-01-20 : 22-24-58
GinkEngine was exited - 2025-01-20 : 22-25-38 

Ginkengine was started - 2025-01-20 : 22-25-41
GinkEngine was exited - 2025-01-20 : 22-25-41 

Ginkengine was started - 2025-01-20 : 22-26-03
Using theme clearlooks - 2025-01-20 : 22-26-04
Running C:\Users\squid\Desktop\GinkEngine\GinkEngine\Core\WPy64-31280\Jupyter Notebook.exe - 2025-01-20 : 22-26-17
Started Tool C:\Users\squid\Desktop\GinkEngine\GinkEngine\Core\WPy64-31280\Jupyter Notebook.exe - 2025-01-20 : 22-26-17
GinkEngine was exited - 2025-01-20 : 22-30-19 

Ginkengine was started - 2025-01-20 : 22-30-58
Using theme clearlooks - 2025-01-20 : 22-30-59
Running C:\Users\squid\Desktop\GinkEngine\GinkEngine\Core\UABE\AssetBundleExtractor.exe - 2025-01-20 : 22-31-03
Started Tool C:\Users\squid\Desktop\GinkEngine\GinkEngine\Core\UABE\AssetBundleExtractor.exe - 2025-01-20 : 22-31-03
Running C:\Users\squid\Desktop\GinkEngine\GinkEngine\Core\AssetStudio\AssetStudioGUI.exe - 2025-01-20 : 22-31-10
Started Tool C:\Users\squid\Desktop\GinkEngine\GinkEngine\Core\AssetStudio\AssetStudioGUI.exe - 2025-01-20 : 22-31-10
Running C:\Users\squid\Desktop\GinkEngine\GinkEngine\Core\WPy64-31280\Spyder.exe - 2025-01-20 : 22-31-19
Started Tool C:\Users\squid\Desktop\GinkEngine\GinkEngine\Core\WPy64-31280\Spyder.exe - 2025-01-20 : 22-31-19
GinkEngine was exited - 2025-01-20 : 22-32-33 
