System.NullReferenceException: Object reference not set to an instance of an object.
   at UABEAvalonia.GameObjectViewWindow.PopulateHierarchyTreeView() in D:\a\UABEA\UABEA\UABEAvalonia\Forms\GameObjectViewWindow.axaml.cs:line 156
   at UABEAvalonia.GameObjectViewWindow..ctor(InfoWindow win, AssetWorkspace workspace) in D:\a\UABEA\UABEA\UABEAvalonia\Forms\GameObjectViewWindow.axaml.cs:line 43
   at UABEAvalonia.InfoWindow.MenuHierarchy_Click(Object sender, RoutedEventArgs e) in D:\a\UABEA\UABEA\UABEAvalonia\Forms\InfoWindow.axaml.cs:line 198
   at Avalonia.Interactivity.EventRoute.RaiseEventImpl(RoutedEventArgs e)
   at Avalonia.Interactivity.EventRoute.RaiseEvent(Interactive source, RoutedEventArgs e)
   at Avalonia.Interactivity.Interactive.RaiseEvent(RoutedEventArgs e)
   at Avalonia.Controls.Platform.DefaultMenuInteractionHandler.PointerReleased(Object sender, PointerReleasedEventArgs e)
   at Avalonia.Interactivity.EventRoute.RaiseEventImpl(RoutedEventArgs e)
   at Avalonia.Interactivity.EventRoute.RaiseEvent(Interactive source, RoutedEventArgs e)
   at Avalonia.Interactivity.Interactive.RaiseEvent(RoutedEventArgs e)
   at Avalonia.Input.MouseDevice.MouseUp(IMouseDevice device, UInt64 timestamp, IInputRoot root, Point p, PointerPointProperties props, KeyModifiers inputModifiers, IInputElement hitTest)
   at Avalonia.Input.MouseDevice.ProcessRawEvent(RawPointerEventArgs e)
   at Avalonia.Input.InputManager.ProcessInput(RawInputEventArgs e)
   at Avalonia.Controls.TopLevel.HandleInput(RawInputEventArgs e)
   at Avalonia.Win32.WindowImpl.AppWndProc(IntPtr hWnd, UInt32 msg, IntPtr wParam, IntPtr lParam)
   at Avalonia.Win32.WindowImpl.WndProc(IntPtr hWnd, UInt32 msg, IntPtr wParam, IntPtr lParam)
   at Avalonia.Win32.Interop.UnmanagedMethods.DispatchMessage(MSG& lpmsg)
   at Avalonia.Win32.Win32DispatcherImpl.RunLoop(CancellationToken cancellationToken)
   at Avalonia.Threading.DispatcherFrame.Run(IControlledDispatcherImpl impl)
   at Avalonia.Threading.Dispatcher.PushFrame(DispatcherFrame frame)
   at Avalonia.Threading.Dispatcher.MainLoop(CancellationToken cancellationToken)
   at Avalonia.Controls.ApplicationLifetimes.ClassicDesktopStyleApplicationLifetime.Start(String[] args)
   at Avalonia.ClassicDesktopStyleApplicationLifetimeExtensions.StartWithClassicDesktopLifetime(AppBuilder builder, String[] args, ShutdownMode shutdownMode)
   at UABEAvalonia.Program.Main(String[] args) in D:\a\UABEA\UABEA\UABEAvalonia\Program.cs:line 53